  main.cpp
D:\GL\CGOpenGLExample\CGOpenGLExample\main.cpp(18,36): warning C4305: 'argument': truncation from 'double' to 'GLclampf'
D:\GL\CGOpenGLExample\CGOpenGLExample\main.cpp(31,44): warning C4305: 'initializing': truncation from 'double' to 'GLfloat'
D:\GL\CGOpenGLExample\CGOpenGLExample\main.cpp(38,47): warning C4244: 'argument': conversion from 'GLfloat' to 'GLint', possible loss of data
D:\GL\CGOpenGLExample\CGOpenGLExample\main.cpp(71,22): warning C4305: 'argument': truncation from 'double' to 'GLfloat'
D:\GL\CGOpenGLExample\CGOpenGLExample\main.cpp(75,25): warning C4305: 'argument': truncation from 'double' to 'GLfloat'
D:\GL\CGOpenGLExample\CGOpenGLExample\main.cpp(81,28): warning C4305: 'argument': truncation from 'double' to 'GLfloat'
D:\GL\CGOpenGLExample\CGOpenGLExample\main.cpp(85,27): warning C4305: 'argument': truncation from 'double' to 'GLfloat'
D:\GL\CGOpenGLExample\CGOpenGLExample\main.cpp(91,25): warning C4305: 'argument': truncation from 'double' to 'GLfloat'
D:\GL\CGOpenGLExample\CGOpenGLExample\main.cpp(94,25): warning C4305: 'argument': truncation from 'double' to 'GLfloat'
D:\GL\CGOpenGLExample\CGOpenGLExample\main.cpp(99,25): warning C4305: 'argument': truncation from 'double' to 'GLfloat'
D:\GL\CGOpenGLExample\CGOpenGLExample\main.cpp(101,31): warning C4305: 'argument': truncation from 'double' to 'GLfloat'
D:\GL\CGOpenGLExample\CGOpenGLExample\main.cpp(106,25): warning C4305: 'argument': truncation from 'double' to 'GLfloat'
D:\GL\CGOpenGLExample\CGOpenGLExample\main.cpp(108,33): warning C4305: 'argument': truncation from 'double' to 'GLfloat'
D:\GL\CGOpenGLExample\CGOpenGLExample\main.cpp(113,25): warning C4305: 'argument': truncation from 'double' to 'GLfloat'
D:\GL\CGOpenGLExample\CGOpenGLExample\main.cpp(120,25): warning C4305: 'argument': truncation from 'double' to 'GLfloat'
D:\GL\CGOpenGLExample\CGOpenGLExample\main.cpp(127,27): warning C4305: 'argument': truncation from 'double' to 'GLfloat'
D:\GL\CGOpenGLExample\CGOpenGLExample\main.cpp(131,30): warning C4305: 'argument': truncation from 'double' to 'GLfloat'
D:\GL\CGOpenGLExample\CGOpenGLExample\main.cpp(141,28): warning C4305: 'argument': truncation from 'double' to 'GLfloat'
D:\GL\CGOpenGLExample\CGOpenGLExample\main.cpp(145,31): warning C4305: 'argument': truncation from 'double' to 'GLfloat'
D:\GL\CGOpenGLExample\CGOpenGLExample\main.cpp(161,25): warning C4305: 'argument': truncation from 'double' to 'GLfloat'
D:\GL\CGOpenGLExample\CGOpenGLExample\main.cpp(172,25): warning C4305: 'argument': truncation from 'double' to 'GLfloat'
D:\GL\CGOpenGLExample\CGOpenGLExample\main.cpp(183,25): warning C4305: 'argument': truncation from 'double' to 'GLfloat'
D:\GL\CGOpenGLExample\CGOpenGLExample\main.cpp(196,25): warning C4305: 'argument': truncation from 'double' to 'GLfloat'
D:\GL\CGOpenGLExample\CGOpenGLExample\main.cpp(207,25): warning C4305: 'argument': truncation from 'double' to 'GLfloat'
D:\GL\CGOpenGLExample\CGOpenGLExample\main.cpp(219,25): warning C4305: 'argument': truncation from 'double' to 'GLfloat'
D:\GL\CGOpenGLExample\CGOpenGLExample\main.cpp(229,28): warning C4305: 'argument': truncation from 'double' to 'GLfloat'
D:\GL\CGOpenGLExample\CGOpenGLExample\main.cpp(234,25): warning C4305: 'argument': truncation from 'double' to 'GLfloat'
D:\GL\CGOpenGLExample\CGOpenGLExample\main.cpp(243,21): warning C4305: 'argument': truncation from 'double' to 'GLfloat'
D:\GL\CGOpenGLExample\CGOpenGLExample\main.cpp(272,28): warning C4305: 'argument': truncation from 'double' to 'GLfloat'
D:\GL\CGOpenGLExample\CGOpenGLExample\main.cpp(291,28): warning C4305: 'argument': truncation from 'double' to 'GLfloat'
D:\GL\CGOpenGLExample\CGOpenGLExample\main.cpp(305,22): warning C4305: 'argument': truncation from 'double' to 'GLfloat'
D:\GL\CGOpenGLExample\CGOpenGLExample\main.cpp(309,25): warning C4305: 'argument': truncation from 'double' to 'GLfloat'
D:\GL\CGOpenGLExample\CGOpenGLExample\main.cpp(314,28): warning C4305: 'argument': truncation from 'double' to 'GLfloat'
D:\GL\CGOpenGLExample\CGOpenGLExample\main.cpp(317,27): warning C4305: 'argument': truncation from 'double' to 'GLfloat'
D:\GL\CGOpenGLExample\CGOpenGLExample\main.cpp(323,25): warning C4305: 'argument': truncation from 'double' to 'GLfloat'
D:\GL\CGOpenGLExample\CGOpenGLExample\main.cpp(326,25): warning C4305: 'argument': truncation from 'double' to 'GLfloat'
D:\GL\CGOpenGLExample\CGOpenGLExample\main.cpp(331,25): warning C4305: 'argument': truncation from 'double' to 'GLfloat'
D:\GL\CGOpenGLExample\CGOpenGLExample\main.cpp(333,31): warning C4305: 'argument': truncation from 'double' to 'GLfloat'
D:\GL\CGOpenGLExample\CGOpenGLExample\main.cpp(338,25): warning C4305: 'argument': truncation from 'double' to 'GLfloat'
D:\GL\CGOpenGLExample\CGOpenGLExample\main.cpp(340,33): warning C4305: 'argument': truncation from 'double' to 'GLfloat'
D:\GL\CGOpenGLExample\CGOpenGLExample\main.cpp(345,25): warning C4305: 'argument': truncation from 'double' to 'GLfloat'
D:\GL\CGOpenGLExample\CGOpenGLExample\main.cpp(352,25): warning C4305: 'argument': truncation from 'double' to 'GLfloat'
D:\GL\CGOpenGLExample\CGOpenGLExample\main.cpp(393,25): warning C4305: 'argument': truncation from 'double' to 'GLfloat'
D:\GL\CGOpenGLExample\CGOpenGLExample\main.cpp(404,25): warning C4305: 'argument': truncation from 'double' to 'GLfloat'
D:\GL\CGOpenGLExample\CGOpenGLExample\main.cpp(415,25): warning C4305: 'argument': truncation from 'double' to 'GLfloat'
D:\GL\CGOpenGLExample\CGOpenGLExample\main.cpp(428,25): warning C4305: 'argument': truncation from 'double' to 'GLfloat'
D:\GL\CGOpenGLExample\CGOpenGLExample\main.cpp(439,25): warning C4305: 'argument': truncation from 'double' to 'GLfloat'
D:\GL\CGOpenGLExample\CGOpenGLExample\main.cpp(450,25): warning C4305: 'argument': truncation from 'double' to 'GLfloat'
D:\GL\CGOpenGLExample\CGOpenGLExample\main.cpp(460,28): warning C4305: 'argument': truncation from 'double' to 'GLfloat'
D:\GL\CGOpenGLExample\CGOpenGLExample\main.cpp(465,25): warning C4305: 'argument': truncation from 'double' to 'GLfloat'
D:\GL\CGOpenGLExample\CGOpenGLExample\main.cpp(474,23): warning C4305: 'argument': truncation from 'double' to 'GLfloat'
D:\GL\CGOpenGLExample\CGOpenGLExample\main.cpp(497,22): warning C4305: 'argument': truncation from 'double' to 'GLfloat'
D:\GL\CGOpenGLExample\CGOpenGLExample\main.cpp(501,25): warning C4305: 'argument': truncation from 'double' to 'GLfloat'
D:\GL\CGOpenGLExample\CGOpenGLExample\main.cpp(506,28): warning C4305: 'argument': truncation from 'double' to 'GLfloat'
D:\GL\CGOpenGLExample\CGOpenGLExample\main.cpp(509,27): warning C4305: 'argument': truncation from 'double' to 'GLfloat'
D:\GL\CGOpenGLExample\CGOpenGLExample\main.cpp(515,25): warning C4305: 'argument': truncation from 'double' to 'GLfloat'
D:\GL\CGOpenGLExample\CGOpenGLExample\main.cpp(518,25): warning C4305: 'argument': truncation from 'double' to 'GLfloat'
D:\GL\CGOpenGLExample\CGOpenGLExample\main.cpp(523,25): warning C4305: 'argument': truncation from 'double' to 'GLfloat'
D:\GL\CGOpenGLExample\CGOpenGLExample\main.cpp(525,31): warning C4305: 'argument': truncation from 'double' to 'GLfloat'
D:\GL\CGOpenGLExample\CGOpenGLExample\main.cpp(530,25): warning C4305: 'argument': truncation from 'double' to 'GLfloat'
D:\GL\CGOpenGLExample\CGOpenGLExample\main.cpp(532,33): warning C4305: 'argument': truncation from 'double' to 'GLfloat'
D:\GL\CGOpenGLExample\CGOpenGLExample\main.cpp(537,25): warning C4305: 'argument': truncation from 'double' to 'GLfloat'
D:\GL\CGOpenGLExample\CGOpenGLExample\main.cpp(544,25): warning C4305: 'argument': truncation from 'double' to 'GLfloat'
D:\GL\CGOpenGLExample\CGOpenGLExample\main.cpp(557,25): warning C4305: 'argument': truncation from 'double' to 'GLfloat'
D:\GL\CGOpenGLExample\CGOpenGLExample\main.cpp(568,25): warning C4305: 'argument': truncation from 'double' to 'GLfloat'
D:\GL\CGOpenGLExample\CGOpenGLExample\main.cpp(579,25): warning C4305: 'argument': truncation from 'double' to 'GLfloat'
D:\GL\CGOpenGLExample\CGOpenGLExample\main.cpp(592,25): warning C4305: 'argument': truncation from 'double' to 'GLfloat'
D:\GL\CGOpenGLExample\CGOpenGLExample\main.cpp(603,25): warning C4305: 'argument': truncation from 'double' to 'GLfloat'
D:\GL\CGOpenGLExample\CGOpenGLExample\main.cpp(614,25): warning C4305: 'argument': truncation from 'double' to 'GLfloat'
D:\GL\CGOpenGLExample\CGOpenGLExample\main.cpp(624,28): warning C4305: 'argument': truncation from 'double' to 'GLfloat'
D:\GL\CGOpenGLExample\CGOpenGLExample\main.cpp(629,25): warning C4305: 'argument': truncation from 'double' to 'GLfloat'
D:\GL\CGOpenGLExample\CGOpenGLExample\main.cpp(638,23): warning C4305: 'argument': truncation from 'double' to 'GLfloat'
D:\GL\CGOpenGLExample\CGOpenGLExample\main.cpp(677,17): warning C4244: 'initializing': conversion from 'double' to 'float', possible loss of data
D:\GL\CGOpenGLExample\CGOpenGLExample\main.cpp(678,17): warning C4244: 'initializing': conversion from 'double' to 'float', possible loss of data
D:\GL\CGOpenGLExample\CGOpenGLExample\main.cpp(679,17): warning C4244: 'initializing': conversion from 'double' to 'float', possible loss of data
D:\GL\CGOpenGLExample\CGOpenGLExample\main.cpp(701,28): warning C4305: 'argument': truncation from 'double' to 'GLfloat'
D:\GL\CGOpenGLExample\CGOpenGLExample\main.cpp(718,25): warning C4305: 'argument': truncation from 'double' to 'GLfloat'
D:\GL\CGOpenGLExample\CGOpenGLExample\main.cpp(723,26): warning C4305: 'argument': truncation from 'double' to 'GLfloat'
D:\GL\CGOpenGLExample\CGOpenGLExample\main.cpp(729,25): warning C4305: 'argument': truncation from 'double' to 'GLfloat'
D:\GL\CGOpenGLExample\CGOpenGLExample\main.cpp(734,26): warning C4305: 'argument': truncation from 'double' to 'GLfloat'
D:\GL\CGOpenGLExample\CGOpenGLExample\main.cpp(740,25): warning C4305: 'argument': truncation from 'double' to 'GLfloat'
D:\GL\CGOpenGLExample\CGOpenGLExample\main.cpp(745,26): warning C4305: 'argument': truncation from 'double' to 'GLfloat'
D:\GL\CGOpenGLExample\CGOpenGLExample\main.cpp(753,25): warning C4305: 'argument': truncation from 'double' to 'GLfloat'
D:\GL\CGOpenGLExample\CGOpenGLExample\main.cpp(758,26): warning C4305: 'argument': truncation from 'double' to 'GLfloat'
D:\GL\CGOpenGLExample\CGOpenGLExample\main.cpp(764,25): warning C4305: 'argument': truncation from 'double' to 'GLfloat'
D:\GL\CGOpenGLExample\CGOpenGLExample\main.cpp(769,26): warning C4305: 'argument': truncation from 'double' to 'GLfloat'
D:\GL\CGOpenGLExample\CGOpenGLExample\main.cpp(775,25): warning C4305: 'argument': truncation from 'double' to 'GLfloat'
D:\GL\CGOpenGLExample\CGOpenGLExample\main.cpp(780,26): warning C4305: 'argument': truncation from 'double' to 'GLfloat'
D:\GL\CGOpenGLExample\CGOpenGLExample\main.cpp(786,25): warning C4305: 'argument': truncation from 'double' to 'GLfloat'
D:\GL\CGOpenGLExample\CGOpenGLExample\main.cpp(791,26): warning C4305: 'argument': truncation from 'double' to 'GLfloat'
D:\GL\CGOpenGLExample\CGOpenGLExample\main.cpp(799,25): warning C4305: 'argument': truncation from 'double' to 'GLfloat'
D:\GL\CGOpenGLExample\CGOpenGLExample\main.cpp(804,26): warning C4305: 'argument': truncation from 'double' to 'GLfloat'
D:\GL\CGOpenGLExample\CGOpenGLExample\main.cpp(810,25): warning C4305: 'argument': truncation from 'double' to 'GLfloat'
D:\GL\CGOpenGLExample\CGOpenGLExample\main.cpp(815,26): warning C4305: 'argument': truncation from 'double' to 'GLfloat'
D:\GL\CGOpenGLExample\CGOpenGLExample\main.cpp(823,25): warning C4305: 'argument': truncation from 'double' to 'GLfloat'
D:\GL\CGOpenGLExample\CGOpenGLExample\main.cpp(828,26): warning C4305: 'argument': truncation from 'double' to 'GLfloat'
D:\GL\CGOpenGLExample\CGOpenGLExample\main.cpp(834,25): warning C4305: 'argument': truncation from 'double' to 'GLfloat'
D:\GL\CGOpenGLExample\CGOpenGLExample\main.cpp(839,26): warning C4305: 'argument': truncation from 'double' to 'GLfloat'
D:\GL\CGOpenGLExample\CGOpenGLExample\main.cpp(845,25): warning C4305: 'argument': truncation from 'double' to 'GLfloat'
D:\GL\CGOpenGLExample\CGOpenGLExample\main.cpp(850,26): warning C4305: 'argument': truncation from 'double' to 'GLfloat'
D:\GL\CGOpenGLExample\CGOpenGLExample\main.cpp(862,25): warning C4305: 'argument': truncation from 'double' to 'GLfloat'
D:\GL\CGOpenGLExample\CGOpenGLExample\main.cpp(869,25): warning C4305: 'argument': truncation from 'double' to 'GLfloat'
D:\GL\CGOpenGLExample\CGOpenGLExample\main.cpp(876,25): warning C4305: 'argument': truncation from 'double' to 'GLfloat'
D:\GL\CGOpenGLExample\CGOpenGLExample\main.cpp(883,25): warning C4305: 'argument': truncation from 'double' to 'GLfloat'
D:\GL\CGOpenGLExample\CGOpenGLExample\main.cpp(891,25): warning C4305: 'argument': truncation from 'double' to 'GLfloat'
D:\GL\CGOpenGLExample\CGOpenGLExample\main.cpp(917,14): warning C4305: '+=': truncation from 'double' to 'GLfloat'
D:\GL\CGOpenGLExample\CGOpenGLExample\main.cpp(925,14): warning C4305: '-=': truncation from 'double' to 'GLfloat'
D:\GL\CGOpenGLExample\CGOpenGLExample\main.cpp(933,15): warning C4305: '+=': truncation from 'double' to 'GLfloat'
D:\GL\CGOpenGLExample\CGOpenGLExample\main.cpp(941,15): warning C4305: '-=': truncation from 'double' to 'GLfloat'
  CGOpenGLExample.vcxproj -> D:\GL\CGOpenGLExample\Debug\CGOpenGLExample.exe
